#
# A fatal error has been detected by the Java Runtime Environment:
#
#  EXCEPTION_ACCESS_VIOLATION (0xc0000005) at pc=0x000000007503cac1, pid=5640, tid=1028
#
# JRE version: 6.0_17-b04
# Java VM: Java HotSpot(TM) 64-Bit Server VM (14.3-b01 mixed mode windows-amd64 )
# Problematic frame:
# C  [iqm.dll+0x3cac1]
#
# If you would like to submit a bug report, please visit:
#   http://java.sun.com/webapps/bugreport/crash.jsp
# The crash happened outside the Java Virtual Machine in native code.
# See problematic frame for where to report the bug.
#

---------------  T H R E A D  ---------------

Current thread (0x0000000039bef000):  JavaThread "AWT-EventQueue-0" [_thread_in_native, id=1028, stack(0x0000000008690000,0x0000000008710000)]

siginfo: ExceptionCode=0xc0000005, reading address 0xffffffffffffffff

Registers:
EAX=0x00000000041c4cc0, EBX=0x000000000870e8e0, ECX=0x00000000041c4cc0, EDX=0x000000000870e860
ESP=0x000000000870e800, EBP=0x000000003b2166c0, ESI=0x000000000870e918, EDI=0x0000000076b960c8
EIP=0x000000007503cac1, EFLAGS=0x0000000000010206

Top of Stack: (sp=0x000000000870e800)
0x000000000870e800:   0000000000000000 0000000074bb806c
0x000000000870e810:   000000000870e8e0 0000000004013610
0x000000000870e820:   0000000000000018 0000000000000000
0x000000000870e830:   fffffffffffffffe 00000000750ced98
0x000000000870e840:   000079636167656c 0000000001742c23
0x000000000870e850:   0000000000000006 000000000000000f
0x000000000870e860:   0000000000000000 0000000074becc87
0x000000000870e870:   0000000017c87818 000000007502e28c
0x000000000870e880:   000000000870e9b0 0000000076b960c8
0x000000000870e890:   0000000017c87818 00000000041c4f40
0x000000000870e8a0:   000000003b2166b0 0000000075032f00
0x000000000870e8b0:   000000003b2166c0 0000000000000000
0x000000000870e8c0:   0000000076b960c8 0000000000000001
0x000000000870e8d0:   0000000056997280 000000000870ea50
0x000000000870e8e0:   000007fffff0a0c0 000000007501c2d3
0x000000000870e8f0:   0000000076b960e8 0000000079cf629c 

Instructions: (pc=0x000000007503cac1)
0x000000007503cab1:   4c 8b 08 4c 8d 44 24 38 48 8d 54 24 60 48 8b c8
0x000000007503cac1:   41 ff 51 18 90 49 8b c4 48 8d 15 60 71 ff ff 0f 


Stack: [0x0000000008690000,0x0000000008710000],  sp=0x000000000870e800,  free space=506k
Native frames: (J=compiled Java code, j=interpreted, Vv=VM code, C=native code)
C  [iqm.dll+0x3cac1]

Java frames: (J=compiled Java code, j=interpreted, Vv=VM code)
j  com.mathworks.jmi.NativeMatlab.PostMatlabMessage(Ljava/lang/Object;J)V+0
j  com.mathworks.jmi.NativeMatlab.postMatlabMessage(Ljava/lang/Object;J)V+3
j  com.mathworks.jmi.NativeMatlab.postMatlabMessage(Ljava/lang/Object;)V+6
j  com.mathworks.jmi.MatlabLooper.postMatlabMessage(Lcom/mathworks/services/message/MWMessage;Lcom/mathworks/services/message/MWHandler;)V+30
j  com.mathworks.jmi.MatlabMCR.postAsync(Lcom/mathworks/services/message/MWMessage;Lcom/mathworks/jmi/CompletionObserver;Lcom/mathworks/jmi/MatlabListener;)V+34
j  com.mathworks.jmi.MatlabMCR.feval(Ljava/lang/String;[Ljava/lang/Object;ILcom/mathworks/jmi/CompletionObserver;)V+77
j  com.mathworks.mlwidgets.workspace.MatlabWorkspaceListener$InterpreterFreeTimerCallback.actionPerformed(Ljava/awt/event/ActionEvent;)V+35
J  javax.swing.Timer$DoPostEvent.run()V
J  java.awt.event.InvocationEvent.dispatch()V
J  java.awt.EventDispatchThread.pumpOneEventForFilters(I)Z
J  java.awt.EventDispatchThread.pumpEventsForFilter(ILjava/awt/Conditional;Ljava/awt/EventFilter;)V
j  java.awt.EventDispatchThread.pumpEventsForHierarchy(ILjava/awt/Conditional;Ljava/awt/Component;)V+11
j  java.awt.EventDispatchThread.pumpEvents(ILjava/awt/Conditional;)V+4
j  java.awt.EventDispatchThread.pumpEvents(Ljava/awt/Conditional;)V+3
j  java.awt.EventDispatchThread.run()V+9
v  ~StubRoutines::call_stub

---------------  P R O C E S S  ---------------

Java Threads: ( => current thread )
  0x000000003a0ea000 JavaThread "FileDecorationCache request queue" [_thread_blocked, id=6224, stack(0x00000000414a0000,0x0000000041520000)]
  0x000000003a0e5000 JavaThread "Timer-257" [_thread_blocked, id=5504, stack(0x00000000050c0000,0x0000000005140000)]
  0x000000003a0e0000 JavaThread "pool-2-thread-1" [_thread_blocked, id=6532, stack(0x0000000004f20000,0x0000000004fa0000)]
  0x000000003a0e8000 JavaThread "Thread-186" [_thread_blocked, id=3312, stack(0x000000003fbf0000,0x000000003fc70000)]
  0x000000003a0e6800 JavaThread "Active Reference Queue Daemon" daemon [_thread_blocked, id=5736, stack(0x000000003ee20000,0x000000003eea0000)]
  0x000000003a0e5800 JavaThread "Timer-110" daemon [_thread_blocked, id=4740, stack(0x000000003ed80000,0x000000003ee00000)]
  0x000000003a0e0800 JavaThread "Foxtrot Multi Worker Thread Runner #1" daemon [_thread_blocked, id=1700, stack(0x000000005b2e0000,0x000000005b360000)]
  0x000000003a0e4800 JavaThread "RequestQueue for GenericFileList" [_thread_blocked, id=5148, stack(0x000000000e190000,0x000000000e210000)]
  0x000000003a0e2000 JavaThread "Timer-4" daemon [_thread_blocked, id=2104, stack(0x0000000031160000,0x00000000311e0000)]
  0x000000003a0df000 JavaThread "Prefs Updater" daemon [_thread_blocked, id=216, stack(0x000000003b2d0000,0x000000003b350000)]
  0x000000003a0de800 JavaThread "Timer-1" [_thread_blocked, id=6212, stack(0x0000000044b80000,0x0000000044c00000)]
  0x000000003a0de000 JavaThread "FelixPackageAdmin" daemon [_thread_blocked, id=4996, stack(0x000000003e9c0000,0x000000003ea40000)]
  0x000000003a1e6800 JavaThread "FelixStartLevel" daemon [_thread_blocked, id=5724, stack(0x000000002e620000,0x000000002e6a0000)]
  0x000000003a321000 JavaThread "FelixDispatchQueue" daemon [_thread_blocked, id=4964, stack(0x0000000039d70000,0x0000000039df0000)]
  0x0000000039b2b000 JavaThread "TimerQueue" daemon [_thread_blocked, id=1412, stack(0x000000000cac0000,0x000000000cb40000)]
=>0x0000000039bef000 JavaThread "AWT-EventQueue-0" [_thread_in_native, id=1028, stack(0x0000000008690000,0x0000000008710000)]
  0x000000000ffff800 JavaThread "com.google.common.base.internal.Finalizer" daemon [_thread_blocked, id=6500, stack(0x000000002a420000,0x000000002a4a0000)]
  0x0000000039a1d800 JavaThread "AWT-Windows" daemon [_thread_in_native, id=5388, stack(0x000000000e080000,0x000000000e100000)]
  0x0000000039a1b000 JavaThread "AWT-Shutdown" [_thread_blocked, id=7040, stack(0x0000000009dd0000,0x0000000009e50000)]
  0x0000000039a16000 JavaThread "Java2D Disposer" daemon [_thread_blocked, id=4448, stack(0x000000000ca10000,0x000000000ca90000)]
  0x000000000fedc000 JavaThread "Timer-0" [_thread_blocked, id=6492, stack(0x0000000009e50000,0x0000000009ed0000)]
  0x000000000fe5a800 JavaThread "JMI Unnamed Thread" [_thread_in_native, id=3308, stack(0x0000000006b30000,0x0000000008030000)]
  0x000000000fbc5800 JavaThread "Low Memory Detector" daemon [_thread_blocked, id=3832, stack(0x0000000008730000,0x00000000087b0000)]
  0x000000000fbbf000 JavaThread "CompilerThread1" daemon [_thread_blocked, id=6628, stack(0x00000000369c0000,0x0000000037ec0000)]
  0x000000000fbb9000 JavaThread "CompilerThread0" daemon [_thread_blocked, id=1296, stack(0x0000000035430000,0x0000000036930000)]
  0x000000000fbb8000 JavaThread "Attach Listener" daemon [_thread_blocked, id=2116, stack(0x0000000009d40000,0x0000000009dc0000)]
  0x000000000251e000 JavaThread "Finalizer" daemon [_thread_blocked, id=6648, stack(0x0000000008430000,0x00000000084b0000)]
  0x000000000fb5b800 JavaThread "Reference Handler" daemon [_thread_blocked, id=6324, stack(0x0000000008500000,0x0000000008580000)]
  0x000000000241f800 JavaThread "main" [_thread_in_native, id=6724, stack(0x00000000001d0000,0x00000000016d0000)]

Other Threads:
  0x000000000fb56000 VMThread [stack: 0x0000000033d70000,0x0000000035270000] [id=4140]
  0x000000000fbea800 WatcherThread [stack: 0x0000000037fb0000,0x00000000394b0000] [id=6580]

VM state:not at safepoint (normal execution)

VM Mutex/Monitor currently owned by a thread: None

Heap
 PSYoungGen      total 13376K, used 11987K [0x0000000025b80000, 0x0000000026fe0000, 0x0000000028c80000)
  eden space 10240K, 86% used [0x0000000025b80000,0x000000002642ab78,0x0000000026580000)
  from space 3136K, 99% used [0x0000000026a10000,0x0000000026d1a240,0x0000000026d20000)
  to   space 4672K, 0% used [0x0000000026580000,0x0000000026580000,0x0000000026a10000)
 PSOldGen        total 85696K, used 75371K [0x000000001c880000, 0x0000000021c30000, 0x0000000025b80000)
  object space 85696K, 87% used [0x000000001c880000,0x000000002121afa0,0x0000000021c30000)
 PSPermGen       total 104576K, used 62040K [0x0000000014880000, 0x000000001aea0000, 0x000000001c880000)
  object space 104576K, 59% used [0x0000000014880000,0x0000000018516348,0x000000001aea0000)

Dynamic libraries:
0x000000013f570000 - 0x000000013f599000 	C:\Program Files\MATLAB\R2011a\bin\win64\MATLAB.exe
0x00000000775d0000 - 0x0000000077779000 	C:\Windows\SYSTEM32\ntdll.dll
0x00000000774b0000 - 0x00000000775cf000 	C:\Windows\system32\kernel32.dll
0x000007fefd6f0000 - 0x000007fefd75b000 	C:\Windows\system32\KERNELBASE.dll
0x0000000074460000 - 0x0000000074569000 	C:\Program Files\MATLAB\R2011a\bin\win64\libut.dll
0x00000000758a0000 - 0x0000000075920000 	C:\Program Files\MATLAB\R2011a\bin\win64\libmwi18n.dll
0x0000000180000000 - 0x000000018000b000 	C:\Program Files\MATLAB\R2011a\bin\win64\libmwresource_core.dll
0x0000000001740000 - 0x0000000001813000 	C:\Windows\WinSxS\amd64_microsoft.vc90.crt_1fc8b3b9a1e18e3b_9.0.30729.6161_none_08e61857a83bc251\MSVCP90.dll
0x0000000074ba0000 - 0x0000000074c43000 	C:\Windows\WinSxS\amd64_microsoft.vc90.crt_1fc8b3b9a1e18e3b_9.0.30729.6161_none_08e61857a83bc251\MSVCR90.dll
0x000000007a3b0000 - 0x000000007a3c0000 	C:\Program Files\MATLAB\R2011a\bin\win64\boost_date_time-vc90-mt-1_40.dll
0x000000007a170000 - 0x000000007a189000 	C:\Program Files\MATLAB\R2011a\bin\win64\boost_filesystem-vc90-mt-1_40.dll
0x000000007a560000 - 0x000000007a569000 	C:\Program Files\MATLAB\R2011a\bin\win64\boost_system-vc90-mt-1_40.dll
0x000000007a2d0000 - 0x000000007a2e2000 	C:\Program Files\MATLAB\R2011a\bin\win64\boost_thread-vc90-mt-1_40.dll
0x000000007a010000 - 0x000000007a035000 	C:\Program Files\MATLAB\R2011a\bin\win64\LIBEXPAT.dll
0x00000000739d0000 - 0x0000000073b8c000 	C:\Program Files\MATLAB\R2011a\bin\win64\icuin42.dll
0x00000000740b0000 - 0x0000000074223000 	C:\Program Files\MATLAB\R2011a\bin\win64\icuuc42.dll
0x000007fefde50000 - 0x000007fefdf2b000 	C:\Windows\system32\ADVAPI32.dll
0x000007fefdd90000 - 0x000007fefde2f000 	C:\Windows\system32\msvcrt.dll
0x000007fefe090000 - 0x000007fefe0af000 	C:\Windows\SYSTEM32\sechost.dll
0x000007fefdf30000 - 0x000007fefe05d000 	C:\Windows\system32\RPCRT4.dll
0x0000000010000000 - 0x0000000010f47000 	C:\Program Files\MATLAB\R2011a\bin\win64\icudt42.dll
0x0000000073f70000 - 0x000000007407d000 	C:\Program Files\MATLAB\R2011a\bin\win64\libmwfl.dll
0x0000000001850000 - 0x00000000018e3000 	C:\Program Files\MATLAB\R2011a\bin\win64\libmwMATLAB_res.dll
0x000000007a250000 - 0x000000007a263000 	C:\Program Files\MATLAB\R2011a\bin\win64\boost_signals-vc90-mt-1_40.dll
0x0000000001910000 - 0x0000000001956000 	C:\Program Files\MATLAB\R2011a\bin\win64\tbb.dll
0x000007fefde30000 - 0x000007fefde49000 	C:\Windows\system32\imagehlp.dll
0x00000000777a0000 - 0x00000000777a7000 	C:\Windows\system32\PSAPI.DLL
0x000000007a3d0000 - 0x000000007a3e3000 	C:\Program Files\MATLAB\R2011a\bin\win64\icuio42.dll
0x000007fef5550000 - 0x000007fef5675000 	C:\Windows\system32\dbghelp.dll
0x00000000773b0000 - 0x00000000774aa000 	C:\Windows\system32\USER32.dll
0x000007fefda80000 - 0x000007fefdae7000 	C:\Windows\system32\GDI32.dll
0x000007fefda70000 - 0x000007fefda7e000 	C:\Windows\system32\LPK.dll
0x000007fefd940000 - 0x000007fefda09000 	C:\Windows\system32\USP10.dll
0x000000007bed0000 - 0x000000007c0f5000 	C:\Program Files\MATLAB\R2011a\bin\win64\libmwservices.dll
0x0000000075a20000 - 0x0000000075ab2000 	C:\Program Files\MATLAB\R2011a\bin\win64\libmx.dll
0x000000007a210000 - 0x000000007a226000 	C:\Program Files\MATLAB\R2011a\bin\win64\zlib1.dll
0x0000000074330000 - 0x000000007444b000 	C:\Program Files\MATLAB\R2011a\bin\win64\libmwmathutil.dll
0x0000000074ca0000 - 0x0000000074cf4000 	C:\Program Files\MATLAB\R2011a\bin\win64\mpath.dll
0x000000007b680000 - 0x000000007b982000 	C:\Program Files\MATLAB\R2011a\bin\win64\mlutil.dll
0x0000000073910000 - 0x0000000073992000 	C:\Program Files\MATLAB\R2011a\bin\win64\xmlcore.dll
0x000000007bc30000 - 0x000000007be83000 	C:\Program Files\MATLAB\R2011a\bin\win64\xerces-c_2_7.dll
0x000007fefe760000 - 0x000007fefe7ad000 	C:\Windows\system32\WS2_32.dll
0x000007fefdd80000 - 0x000007fefdd88000 	C:\Windows\system32\NSI.dll
0x000007fefe830000 - 0x000007feff5b8000 	C:\Windows\system32\SHELL32.dll
0x000007fefe7b0000 - 0x000007fefe821000 	C:\Windows\system32\SHLWAPI.dll
0x000007fef9870000 - 0x000007fef9910000 	C:\Windows\WinSxS\amd64_microsoft.windows.common-controls_6595b64144ccf1df_5.82.7601.18201_none_a4d3b9377117c3df\COMCTL32.dll
0x000007feff840000 - 0x000007feff8d7000 	C:\Windows\system32\COMDLG32.dll
0x000007fefa2f0000 - 0x000007fefa306000 	C:\Windows\system32\NETAPI32.dll
0x000007fefa270000 - 0x000007fefa27c000 	C:\Windows\system32\netutils.dll
0x000007fefce50000 - 0x000007fefce73000 	C:\Windows\system32\srvcli.dll
0x000007fefa250000 - 0x000007fefa265000 	C:\Windows\system32\wkscli.dll
0x000007fefe130000 - 0x000007fefe333000 	C:\Windows\system32\ole32.dll
0x000007fefe570000 - 0x000007fefe647000 	C:\Windows\system32\OLEAUT32.dll
0x0000000074970000 - 0x0000000074a34000 	C:\Program Files\MATLAB\R2011a\bin\win64\mcr.dll
0x0000000075000000 - 0x00000000750e4000 	C:\Program Files\MATLAB\R2011a\bin\win64\iqm.dll
0x0000000072320000 - 0x0000000072abc000 	C:\Program Files\MATLAB\R2011a\bin\win64\m_interpreter.dll
0x0000000074c90000 - 0x0000000074c9f000 	C:\Program Files\MATLAB\R2011a\bin\win64\libmex.dll
0x0000000073860000 - 0x0000000073904000 	C:\Program Files\MATLAB\R2011a\bin\win64\m_dispatcher.dll
0x0000000074880000 - 0x0000000074945000 	C:\Program Files\MATLAB\R2011a\bin\win64\boost_regex-vc90-mt-1_40.dll
0x00000000731e0000 - 0x000000007325f000 	C:\Program Files\MATLAB\R2011a\bin\win64\profiler.dll
0x0000000079f40000 - 0x0000000079f6c000 	C:\Program Files\MATLAB\R2011a\bin\win64\libmwmathrng.dll
0x0000000074c70000 - 0x0000000074c90000 	C:\Program Files\MATLAB\R2011a\bin\win64\m_pcodeio.dll
0x0000000079b10000 - 0x0000000079b71000 	C:\Program Files\MATLAB\R2011a\bin\win64\m_ir.dll
0x0000000072ba0000 - 0x00000000731db000 	C:\Program Files\MATLAB\R2011a\bin\win64\m_parser.dll
0x0000000074c50000 - 0x0000000074c69000 	C:\Program Files\MATLAB\R2011a\bin\win64\ir_xfmr.dll
0x00000000720d0000 - 0x000000007231b000 	C:\Program Files\MATLAB\R2011a\bin\win64\mcos.dll
0x0000000073850000 - 0x000000007385c000 	C:\Program Files\MATLAB\R2011a\bin\win64\mtok.dll
0x0000000073820000 - 0x000000007384b000 	C:\Program Files\MATLAB\R2011a\bin\win64\m_pcodegen.dll
0x0000000076160000 - 0x00000000761c2000 	C:\Program Files\MATLAB\R2011a\bin\win64\libmwspmatrix.dll
0x0000000079fb0000 - 0x0000000079fde000 	C:\Program Files\MATLAB\R2011a\bin\win64\libmwbridge.dll
0x0000000072ae0000 - 0x0000000072b99000 	C:\Program Files\MATLAB\R2011a\bin\win64\udd.dll
0x0000000071f80000 - 0x00000000720c1000 	C:\Program Files\MATLAB\R2011a\bin\win64\libmwgui.dll
0x0000000073800000 - 0x0000000073817000 	C:\Program Files\MATLAB\R2011a\bin\win64\graphics_util.dll
0x000000006e460000 - 0x000000006ece0000 	C:\Program Files\MATLAB\R2011a\bin\win64\hg.dll
0x0000000076100000 - 0x000000007614f000 	C:\Program Files\MATLAB\R2011a\bin\win64\libmat.dll
0x0000000001b50000 - 0x0000000001d53000 	C:\Program Files\MATLAB\R2011a\bin\win64\libhdf5.dll
0x0000000071f00000 - 0x0000000071f7b000 	C:\Program Files\MATLAB\R2011a\bin\win64\jmi.dll
0x0000000001d80000 - 0x0000000001d8e000 	C:\Program Files\MATLAB\R2011a\bin\win64\nativejava_services.dll
0x0000000071680000 - 0x00000000716bc000 	C:\Program Files\MATLAB\R2011a\bin\win64\libmwhardcopy.dll
0x0000000071620000 - 0x0000000071678000 	C:\Program Files\MATLAB\R2011a\bin\win64\libuij.dll
0x000000006e270000 - 0x000000006e453000 	C:\Program Files\MATLAB\R2011a\bin\win64\hgdatatypes.dll
0x000000006ef80000 - 0x000000006f03c000 	C:\Program Files\MATLAB\R2011a\bin\win64\hgutils.dll
0x000000006f360000 - 0x000000006f3dc000 	C:\Program Files\MATLAB\R2011a\bin\win64\libmwlapack.dll
0x0000000072ac0000 - 0x0000000072ad2000 	C:\Program Files\MATLAB\R2011a\bin\win64\libmwbinder.dll
0x00000000737f0000 - 0x00000000737fb000 	C:\Program Files\MATLAB\R2011a\bin\win64\libmwompwrapper.dll
0x0000000001e10000 - 0x00000000020d4000 	C:\Program Files\MATLAB\R2011a\bin\win64\uiw.dll
0x0000000071610000 - 0x000000007161a000 	C:\Program Files\MATLAB\R2011a\bin\win64\uinone.dll
0x000000006dd80000 - 0x000000006e264000 	C:\Windows\WinSxS\amd64_microsoft.vc90.mfc_1fc8b3b9a1e18e3b_9.0.30729.6161_none_044aad0bab1eb146\mfc90.dll
0x000007fef9dd0000 - 0x000007fef9dd7000 	C:\Windows\system32\MSIMG32.dll
0x000007fef94f0000 - 0x000007fef9561000 	C:\Windows\system32\WINSPOOL.DRV
0x000000006dcd0000 - 0x000000006dd79000 	C:\Program Files\MATLAB\R2011a\bin\win64\udd_mi.dll
0x00000000715f0000 - 0x000000007160b000 	C:\Program Files\MATLAB\R2011a\bin\win64\mwoles05.DLL
0x000000006dc60000 - 0x000000006dcce000 	C:\Program Files\MATLAB\R2011a\bin\win64\comcli.dll
0x0000000073710000 - 0x000000007373f000 	C:\Windows\WinSxS\amd64_microsoft.vc90.atl_1fc8b3b9a1e18e3b_9.0.30729.6161_none_0a1fd3a3a768b895\ATL90.DLL
0x00000000715e0000 - 0x00000000715ec000 	C:\Program Files\MATLAB\R2011a\bin\win64\mlautoregister.dll
0x0000000002140000 - 0x000000000214d000 	C:\Program Files\MATLAB\R2011a\bin\win64\boost_iostreams-vc90-mt-1_40.dll
0x000007fefe060000 - 0x000007fefe08e000 	C:\Windows\system32\IMM32.DLL
0x000007fefe650000 - 0x000007fefe759000 	C:\Windows\system32\MSCTF.dll
0x000007fefb970000 - 0x000007fefb9c6000 	C:\Windows\system32\UxTheme.dll
0x000007fefb690000 - 0x000007fefb6a8000 	C:\Windows\system32\dwmapi.dll
0x00000000739a0000 - 0x00000000739ad000 	C:\Windows\WinSxS\amd64_microsoft.vc90.mfcloc_1fc8b3b9a1e18e3b_9.0.30729.6161_none_01c9581e60cbee58\MFC90ENU.DLL
0x0000000004010000 - 0x0000000004039000 	C:\Program Files\MATLAB\R2011a\bin\win64\tbbmalloc.dll
0x000007fefd3b0000 - 0x000007fefd3bf000 	C:\Windows\system32\profapi.dll
0x000007fefad10000 - 0x000007fefad37000 	C:\Windows\system32\iphlpapi.dll
0x000007fefad00000 - 0x000007fefad0b000 	C:\Windows\system32\WINNSI.DLL
0x000007fefca10000 - 0x000007fefca6b000 	C:\Windows\system32\DNSAPI.dll
0x000007fefab10000 - 0x000007fefab21000 	C:\Windows\system32\dhcpcsvc6.DLL
0x000007fefaaf0000 - 0x000007fefab08000 	C:\Windows\system32\dhcpcsvc.DLL
0x0000000070b20000 - 0x0000000070b23000 	C:\Windows\system32\icmp.Dll
0x000007fefd2e0000 - 0x000007fefd2ef000 	C:\Windows\system32\CRYPTBASE.dll
0x000007fefd7a0000 - 0x000007fefd7d6000 	C:\Windows\system32\CFGMGR32.dll
0x0000000078870000 - 0x0000000078ecd000 	C:\Program Files\MATLAB\R2011a\sys\java\jre\win64\jre\bin\server\jvm.dll
0x000007fefb160000 - 0x000007fefb19b000 	C:\Windows\system32\WINMM.dll
0x000000007a440000 - 0x000000007a44e000 	C:\Program Files\MATLAB\R2011a\sys\java\jre\win64\jre\bin\verify.dll
0x000000007a070000 - 0x000000007a097000 	C:\Program Files\MATLAB\R2011a\sys\java\jre\win64\jre\bin\java.dll
0x000000007a540000 - 0x000000007a54a000 	C:\Program Files\MATLAB\R2011a\sys\java\jre\win64\jre\bin\hpi.dll
0x000000007a370000 - 0x000000007a382000 	C:\Program Files\MATLAB\R2011a\sys\java\jre\win64\jre\bin\zip.dll
0x0000000075b90000 - 0x0000000075bfb000 	C:\Program Files\MATLAB\R2011a\sys\java\jre\win64\jre\bin\fontmanager.dll
0x0000000028c80000 - 0x0000000028e41000 	C:\Program Files\MATLAB\R2011a\sys\java\jre\win64\jre\bin\awt.dll
0x0000000079cf0000 - 0x0000000079d36000 	C:\Program Files\MATLAB\R2011a\bin\win64\nativejmi.dll
0x000000007a600000 - 0x000000007a608000 	C:\Program Files\MATLAB\R2011a\bin\win64\nativeservices.dll
0x000000007a0d0000 - 0x000000007a0e8000 	C:\Program Files\MATLAB\R2011a\bin\win64\nativejava.dll
0x000007fef5e10000 - 0x000007fef5e28000 	C:\Windows\system32\MPR.dll
0x000000007a230000 - 0x000000007a247000 	C:\Program Files\MATLAB\R2011a\sys\java\jre\win64\jre\bin\net.dll
0x000007fefcbb0000 - 0x000007fefcc05000 	C:\Windows\system32\mswsock.dll
0x000007fefce10000 - 0x000007fefce17000 	C:\Windows\System32\wship6.dll
0x000000007a500000 - 0x000000007a50b000 	C:\Program Files\MATLAB\R2011a\sys\java\jre\win64\jre\bin\nio.dll
0x000000007a530000 - 0x000000007a53a000 	C:\Program Files\MATLAB\R2011a\bin\win64\nativelmgr.dll

VM Arguments:
jvm_args: -Xss512k -XX:PermSize=32m -Xms64m -XX:NewRatio=3 -XX:MaxPermSize=128m -Xmx196m -XX:MaxDirectMemorySize=2147400000 -Dsun.java2d.noddraw=true -Dsun.awt.nopixfmt=true -Xshare:off -Xrs -Dsun.awt.disableMixing=true -Djava.library.path=C:\Program Files\MATLAB\R2011a\bin\win64 vfprintf abort 
java_command: <unknown>
Launcher Type: generic

Environment Variables:
CLASSPATH=C:\Program Files\Mosek\7\tools\platform\win64x86\bin\mosek.jar;C:\Program Files\Mosek\7\tools\platform\win64x86\bin\fusion.jar
PATH=C:\Program Files\MATLAB\R2011a\bin\win64;C:\CTEX\UserData\miktex\bin;C:\CTEX\MiKTeX\miktex\bin;C:\CTEX\CTeX\ctex\bin;C:\CTEX\CTeX\cct\bin;C:\CTEX\CTeX\ty\bin;C:\CTEX\Ghostscript\gs9.05\bin;C:\CTEX\GSview\gsview;C:\CTEX\WinEdt;C:\Program Files\MATLAB\R2011a\runtime\win64;C:\Program Files\MATLAB\R2011a\bin;C:\Program Files (x86)\Microsoft SQL Server\100\Tools\Binn\;C:\Program Files\Microsoft SQL Server\100\Tools\Binn\;C:\Program Files\Microsoft SQL Server\100\DTS\Binn\;D:\Program Files\TortoiseGit\bin;C:\Program Files\IBM\ILOG\CPLEX_Studio1251\opl\bin\x64_win64;C:\Program Files\IBM\ILOG\CPLEX_Studio1251\opl\oplide\;C:\Program Files\IBM\ILOG\CPLEX_Studio1251\cplex\bin\x64_win64;C:\Program Files\IBM\ILOG\CPLEX_Studio1251\cpoptimizer\bin\x64_win64;C:\Program Files\Mosek\7\tools\platform\win64x86\bin
USERNAME=Vicon
OS=Windows_NT
PROCESSOR_IDENTIFIER=Intel64 Family 6 Model 58 Stepping 9, GenuineIntel



---------------  S Y S T E M  ---------------

OS: Windows 7 Build 7601 Service Pack 1

CPU:total 8 (8 cores per cpu, 2 threads per core) family 6 model 58 stepping 9, cmov, cx8, fxsr, mmx, sse, sse2, sse3, ssse3, sse4.1, sse4.2, ht

Memory: 4k page, physical 16731116k(12764232k free), swap 53940368k(49449212k free)

vm_info: Java HotSpot(TM) 64-Bit Server VM (14.3-b01) for windows-amd64 JRE (1.6.0_17-b04), built on Oct 11 2009 00:46:08 by "java_re" with MS VC++ 8.0

time: Fri Oct 11 16:04:02 2013
elapsed time: 4777 seconds

